This file contains any messages produced by compilers while
running configure, to aid debugging if configure makes a mistake.

It was created by SYMPHONY configure 5.6.16, which was
generated by GNU Autoconf 2.59.  Invocation command line was

  $ ./configure --enable-shared --enable-static --enable-dependency-linking lt_cv_deplibs_check_method=pass_all --host=i686-w64-mingw32

## --------- ##
## Platform. ##
## --------- ##

hostname = sususweet
uname -m = x86_64
uname -r = 2.9.0(0.318/5/3)
uname -s = CYGWIN_NT-10.0
uname -v = 2017-09-12 10:18

/usr/bin/uname -p = unknown
/bin/uname -X     = unknown

/bin/arch              = x86_64
/usr/bin/arch -k       = unknown
/usr/convex/getsysinfo = unknown
hostinfo               = unknown
/bin/machine           = unknown
/usr/bin/oslevel       = unknown
/bin/universe          = unknown

PATH: /usr/local/bin
PATH: /usr/bin
PATH: /cygdrive/c/ProgramData/Oracle/Java/javapath
PATH: /cygdrive/c/WINDOWS/system32
PATH: /cygdrive/c/WINDOWS
PATH: /cygdrive/c/WINDOWS/System32/Wbem
PATH: /cygdrive/c/WINDOWS/System32/WindowsPowerShell/v1.0
PATH: /cygdrive/c/Program Files (x86)/Skype/Phone
PATH: /cygdrive/d/Git/cmd
PATH: /cygdrive/d/Cadence/SPB_16.6/tools/pspice
PATH: /cygdrive/d/Cadence/SPB_16.6/tools/capture
PATH: /cygdrive/d/Cadence/SPB_16.6/tools/bin
PATH: /cygdrive/d/Cadence/SPB_16.6/openaccess/bin/win32/opt
PATH: /cygdrive/d/Cadence/SPB_16.6/tools/fet/bin
PATH: /cygdrive/d/Cadence/SPB_16.6/tools/pcb/bin
PATH: /cygdrive/d/Java/jdk1.8.0_144/bin
PATH: /cygdrive/d/Java/jdk1.8.0_144/jre/bin
PATH: /cygdrive/d/MATLAB/R2016b/bin
PATH: /cygdrive/d/nodejs
PATH: /cygdrive/c/Program Files (x86)/STMicroelectronics/STM32 ST-LINK Utility/ST-LINK Utility
PATH: /cygdrive/d/Pandoc
PATH: /cygdrive/d/MiKTeX 2.9/miktex/bin/x64
PATH: /cygdrive/c/Program Files (x86)/NVIDIA Corporation/PhysX/Common
PATH: /cygdrive/c/WINDOWS/system32
PATH: /cygdrive/c/WINDOWS
PATH: /cygdrive/c/WINDOWS/System32/Wbem
PATH: /cygdrive/c/WINDOWS/System32/WindowsPowerShell/v1.0
PATH: /cygdrive/c/Users/tangyq/AppData/Local/Microsoft/WindowsApps
PATH: /cygdrive/c/Users/tangyq/AppData/Local/Programs/Fiddler
PATH: /cygdrive/c/Users/tangyq/AppData/Roaming/npm
PATH: %USERPROFI
## ---------------- ##
## Cache variables. ##
## ---------------- ##

ac_cv_env_ADD_CFLAGS_set=
ac_cv_env_ADD_CFLAGS_value=
ac_cv_env_ADD_CXXFLAGS_set=
ac_cv_env_ADD_CXXFLAGS_value=
ac_cv_env_CC_set=
ac_cv_env_CC_value=
ac_cv_env_CDEFS_set=
ac_cv_env_CDEFS_value=
ac_cv_env_CFLAGS_set=
ac_cv_env_CFLAGS_value=
ac_cv_env_CPPFLAGS_set=
ac_cv_env_CPPFLAGS_value=
ac_cv_env_CPP_set=
ac_cv_env_CPP_value=
ac_cv_env_CXXCPP_set=
ac_cv_env_CXXCPP_value=
ac_cv_env_CXXDEFS_set=
ac_cv_env_CXXDEFS_value=
ac_cv_env_CXXFLAGS_set=
ac_cv_env_CXXFLAGS_value=
ac_cv_env_CXX_set=
ac_cv_env_CXX_value=
ac_cv_env_DBG_CFLAGS_set=
ac_cv_env_DBG_CFLAGS_value=
ac_cv_env_DBG_CXXFLAGS_set=
ac_cv_env_DBG_CXXFLAGS_value=
ac_cv_env_F77_set=
ac_cv_env_F77_value=
ac_cv_env_FFLAGS_set=
ac_cv_env_FFLAGS_value=
ac_cv_env_LDFLAGS_set=
ac_cv_env_LDFLAGS_value=
ac_cv_env_MPICC_set=
ac_cv_env_MPICC_value=
ac_cv_env_MPICXX_set=
ac_cv_env_MPICXX_value=
ac_cv_env_OPT_CFLAGS_set=
ac_cv_env_OPT_CFLAGS_value=
ac_cv_env_OPT_CXXFLAGS_set=
ac_cv_env_OPT_CXXFLAGS_value=
ac_cv_env_PKG_CONFIG_set=
ac_cv_env_PKG_CONFIG_value=
ac_cv_env_build_alias_set=
ac_cv_env_build_alias_value=
ac_cv_env_host_alias_set=
ac_cv_env_host_alias_value=
ac_cv_env_target_alias_set=
ac_cv_env_target_alias_value=

## ----------------- ##
## Output variables. ##
## ----------------- ##

ABSBUILDDIR=''
ACLOCAL=''
ADD_CFLAGS=''
ADD_CXXFLAGS=''
ALWAYS_FALSE_FALSE=''
ALWAYS_FALSE_TRUE=''
AMDEPBACKSLASH=''
AMDEP_FALSE=''
AMDEP_TRUE=''
AMTAR=''
AR=''
ARCH=''
AUTOCONF=''
AUTOHEADER=''
AUTOMAKE=''
AUX_DIR=''
AWK=''
BUILDTOOLSDIR=''
CC=''
CCDEPMODE=''
CDEFS=''
CFLAGS=''
CGL_CFLAGS=''
CGL_CFLAGS_INSTALLED=''
CGL_DATA=''
CGL_DATA_INSTALLED=''
CGL_DEPENDENCIES=''
CGL_LIBS=''
CGL_LIBS_INSTALLED=''
CHECK_CUT_VALIDITY_FALSE=''
CHECK_CUT_VALIDITY_TRUE=''
CLLCFLAGS=''
CLP_CFLAGS=''
CLP_CFLAGS_INSTALLED=''
CLP_DATA=''
CLP_DATA_INSTALLED=''
CLP_DEPENDENCIES=''
CLP_LIBS=''
CLP_LIBS_INSTALLED=''
CLP_LP_SOLVER_FALSE=''
CLP_LP_SOLVER_TRUE=''
COINDEPEND_CFLAGS=''
COINDEPEND_CFLAGS_INSTALLED=''
COINDEPEND_DATA=''
COINDEPEND_DATA_INSTALLED=''
COINDEPEND_DEPENDENCIES=''
COINDEPEND_LIBS=''
COINDEPEND_LIBS_INSTALLED=''
COIN_CC_IS_CL_FALSE=''
COIN_CC_IS_CL_TRUE=''
COIN_CXX_IS_CL_FALSE=''
COIN_CXX_IS_CL_TRUE=''
COIN_HAS_CGL_FALSE=''
COIN_HAS_CGL_TRUE=''
COIN_HAS_CLP=''
COIN_HAS_CLP_FALSE=''
COIN_HAS_CLP_TRUE=''
COIN_HAS_COINDEPEND_FALSE=''
COIN_HAS_COINDEPEND_TRUE=''
COIN_HAS_CPX_FALSE=''
COIN_HAS_CPX_TRUE=''
COIN_HAS_DYLP_FALSE=''
COIN_HAS_DYLP_TRUE=''
COIN_HAS_GLPK_FALSE=''
COIN_HAS_GLPK_TRUE=''
COIN_HAS_MIPLIB3_FALSE=''
COIN_HAS_MIPLIB3_TRUE=''
COIN_HAS_MSK_FALSE=''
COIN_HAS_MSK_TRUE=''
COIN_HAS_NETLIB_FALSE=''
COIN_HAS_NETLIB_TRUE=''
COIN_HAS_OSITESTS_FALSE=''
COIN_HAS_OSITESTS_TRUE=''
COIN_HAS_PKGCONFIG_FALSE=''
COIN_HAS_PKGCONFIG_TRUE=''
COIN_HAS_PVM_FALSE=''
COIN_HAS_PVM_TRUE=''
COIN_HAS_READLINE_FALSE=''
COIN_HAS_READLINE_TRUE=''
COIN_HAS_SAMPLE_FALSE=''
COIN_HAS_SAMPLE_TRUE=''
COIN_HAS_VOL_FALSE=''
COIN_HAS_VOL_TRUE=''
COIN_HAS_XPR_FALSE=''
COIN_HAS_XPR_TRUE=''
COIN_PKG_CONFIG_PATH=''
COIN_PKG_CONFIG_PATH_UNINSTALLED=''
COMPILE_FRAC_BRANCHING_FALSE=''
COMPILE_FRAC_BRANCHING_TRUE=''
CPEXT=''
CPLEX_LP_SOLVER_FALSE=''
CPLEX_LP_SOLVER_TRUE=''
CPP=''
CPPFLAGS=''
CPX_CFLAGS=''
CPX_CFLAGS_INSTALLED=''
CPX_DATA=''
CPX_DATA_INSTALLED=''
CPX_DEPENDENCIES=''
CPX_LIBS=''
CPX_LIBS_INSTALLED=''
CXX=''
CXXCPP=''
CXXDEFS=''
CXXDEPMODE=''
CXXFLAGS=''
CYGPATH_W=''
DBG_CFLAGS=''
DBG_CXXFLAGS=''
DEFS=''
DEPDIR=''
DEPENDENCY_LINKING_FALSE=''
DEPENDENCY_LINKING_TRUE=''
DO_TESTS_FALSE=''
DO_TESTS_TRUE=''
DRAWGRAPH_FALSE=''
DRAWGRAPH_TRUE=''
DYLP_CFLAGS=''
DYLP_CFLAGS_INSTALLED=''
DYLP_DATA=''
DYLP_DATA_INSTALLED=''
DYLP_DEPENDENCIES=''
DYLP_LIBS=''
DYLP_LIBS_INSTALLED=''
ECHO='echo'
ECHO_C=''
ECHO_N='-n'
ECHO_T=''
EGREP=''
EXEEXT=''
F77=''
FFLAGS=''
GLPK_CFLAGS=''
GLPK_CFLAGS_INSTALLED=''
GLPK_DATA=''
GLPK_DATA_INSTALLED=''
GLPK_DEPENDENCIES=''
GLPK_LIBS=''
GLPK_LIBS_INSTALLED=''
GLPK_LP_SOLVER_FALSE=''
GLPK_LP_SOLVER_TRUE=''
HAVE_EXTERNALS_FALSE=''
HAVE_EXTERNALS_TRUE=''
INSTALL_DATA=''
INSTALL_PROGRAM=''
INSTALL_SCRIPT=''
INSTALL_STRIP_PROGRAM=''
LDFLAGS=''
LIBEXT=''
LIBOBJS=''
LIBS=''
LIBTOOL=''
LIBTOOLM4=''
LN_S=''
LPEXT=''
LTLIBOBJS=''
LT_LDFLAGS=''
MAINT=''
MAINTAINER_MODE_FALSE=''
MAINTAINER_MODE_TRUE=''
MAKEINFO=''
MASTEREXT=''
MIPLIB3_CFLAGS=''
MIPLIB3_CFLAGS_INSTALLED=''
MIPLIB3_DATA=''
MIPLIB3_DATA_INSTALLED=''
MIPLIB3_DEPENDENCIES=''
MIPLIB3_LIBS=''
MIPLIB3_LIBS_INSTALLED=''
MPICC=''
MPICXX=''
MSK_CFLAGS=''
MSK_CFLAGS_INSTALLED=''
MSK_DATA=''
MSK_DATA_INSTALLED=''
MSK_DEPENDENCIES=''
MSK_LIBS=''
MSK_LIBS_INSTALLED=''
NETLIB_CFLAGS=''
NETLIB_CFLAGS_INSTALLED=''
NETLIB_DATA=''
NETLIB_DATA_INSTALLED=''
NETLIB_DEPENDENCIES=''
NETLIB_LIBS=''
NETLIB_LIBS_INSTALLED=''
OBJEXT=''
OPENMP_FALSE=''
OPENMP_TRUE=''
OPT_CFLAGS=''
OPT_CXXFLAGS=''
OSITESTS_CFLAGS=''
OSITESTS_CFLAGS_INSTALLED=''
OSITESTS_DATA=''
OSITESTS_DATA_INSTALLED=''
OSITESTS_DEPENDENCIES=''
OSITESTS_LIBS=''
OSITESTS_LIBS_INSTALLED=''
OSL_LP_SOLVER_FALSE=''
OSL_LP_SOLVER_TRUE=''
PACKAGE=''
PACKAGE_BUGREPORT='symphony@list.coin-or.org'
PACKAGE_NAME='SYMPHONY'
PACKAGE_STRING='SYMPHONY 5.6.16'
PACKAGE_TARNAME='symphony'
PACKAGE_VERSION='5.6.16'
PATH_SEPARATOR=':'
PKG_CONFIG=''
PSEUDO_COSTS_FALSE=''
PSEUDO_COSTS_TRUE=''
PVMINCDIR=''
PVMLIB=''
RANLIB=''
ROOT_NODE_ONLY_FALSE=''
ROOT_NODE_ONLY_TRUE=''
RPATH_FLAGS=''
SAMPLE_CFLAGS=''
SAMPLE_CFLAGS_INSTALLED=''
SAMPLE_DATA=''
SAMPLE_DATA_INSTALLED=''
SAMPLE_DEPENDENCIES=''
SAMPLE_LIBS=''
SAMPLE_LIBS_INSTALLED=''
SENSITIVITY_ANALYSIS_FALSE=''
SENSITIVITY_ANALYSIS_TRUE=''
SET_MAKE=''
SHELL='/bin/sh'
SIGHANDLER_FALSE=''
SIGHANDLER_TRUE=''
SOPLEX_LP_SOLVER_FALSE=''
SOPLEX_LP_SOLVER_TRUE=''
STATICEXE_FALSE=''
STATICEXE_TRUE=''
STATISTICS_FALSE=''
STATISTICS_TRUE=''
STRIP=''
SYMAPPLDIR=''
SYMDEFS=''
SYMINCDIR=''
SYMPDEFS=''
SYMPHONYLIB_CFLAGS=''
SYMPHONYLIB_CFLAGS_INSTALLED=''
SYMPHONYLIB_DEPENDENCIES=''
SYMPHONYLIB_LIBS=''
SYMPHONYLIB_LIBS_INSTALLED=''
SYMPHONYLIB_PCLIBS=''
SYMPHONYLIB_PCREQUIRES=''
SYMPHONY_SVN_REV=''
SYMSRCDIR=''
SYM_COMPILE_IN_CG_FALSE=''
SYM_COMPILE_IN_CG_TRUE=''
SYM_COMPILE_IN_CP_FALSE=''
SYM_COMPILE_IN_CP_TRUE=''
SYM_COMPILE_IN_LP_FALSE=''
SYM_COMPILE_IN_LP_TRUE=''
SYM_COMPILE_IN_TM_FALSE=''
SYM_COMPILE_IN_TM_TRUE=''
SYM_OPENMP_FLAGS=''
SYM_OPENMP_LIBS=''
SYM_PARALLEL_FALSE=''
SYM_PARALLEL_TRUE=''
SYM_WITH_APPL_FALSE=''
SYM_WITH_APPL_TRUE=''
TMEXT=''
TM_BASIS_TESTS_FALSE=''
TM_BASIS_TESTS_TRUE=''
TRACE_PATH_FALSE=''
TRACE_PATH_TRUE=''
USE_CGL_CUTS_FALSE=''
USE_CGL_CUTS_TRUE=''
USE_GMPL_FALSE=''
USE_GMPL_TRUE=''
VERSION=''
VOL_CFLAGS=''
VOL_CFLAGS_INSTALLED=''
VOL_DATA=''
VOL_DATA_INSTALLED=''
VOL_DEPENDENCIES=''
VOL_LIBS=''
VOL_LIBS_INSTALLED=''
VPATH_DISTCLEANFILES=''
WHATTOINSTALLLIBS=''
WHATTOMAKEBINS=''
WHATTOMAKELIBS=''
XPRESS_LP_SOLVER_FALSE=''
XPRESS_LP_SOLVER_TRUE=''
XPR_CFLAGS=''
XPR_CFLAGS_INSTALLED=''
XPR_DATA=''
XPR_DATA_INSTALLED=''
XPR_DEPENDENCIES=''
XPR_LIBS=''
XPR_LIBS_INSTALLED=''
abs_bin_dir=''
abs_include_dir=''
abs_lib_dir=''
abs_source_dir=''
ac_c_preproc_warn_flag=''
ac_ct_AR=''
ac_ct_CC=''
ac_ct_CXX=''
ac_ct_F77=''
ac_ct_PKG_CONFIG=''
ac_ct_RANLIB=''
ac_ct_STRIP=''
ac_cxx_preproc_warn_flag=''
am__fastdepCC_FALSE=''
am__fastdepCC_TRUE=''
am__fastdepCXX_FALSE=''
am__fastdepCXX_TRUE=''
am__include=''
am__leading_dot=''
am__quote=''
am__tar=''
am__untar=''
bindir='${exec_prefix}/bin'
build=''
build_alias=''
build_cpu=''
build_os=''
build_vendor=''
datadir='${prefix}/share'
exec_prefix='NONE'
have_autoconf=''
have_automake=''
have_svn=''
have_svnversion=''
host=''
host_alias=''
host_cpu=''
host_os=''
host_vendor=''
includedir='${prefix}/include'
infodir='${prefix}/info'
install_sh=''
libdir='${exec_prefix}/lib'
libexecdir='${exec_prefix}/libexec'
localstatedir='${prefix}/var'
mandir='${prefix}/man'
mkdir_p=''
oldincludedir='/usr/include'
prefix='NONE'
program_transform_name='s,x,x,'
sbindir='${exec_prefix}/sbin'
sharedstatedir='${prefix}/com'
sol_cc_compiler=''
sysconfdir='${prefix}/etc'
target_alias=''

configure: caught signal 1
configure: exit 1
: error: 'exit' was not declared in this scope
 exit (42);
         ^
configure:3621: $? = 1
configure: failed program was:
| /* confdefs.h.  */
| 
| #define PACKAGE_NAME "SYMPHONY"
| #define PACKAGE_TARNAME "symphony"
| #define PACKAGE_VERSION "5.6.16"
| #define PACKAGE_STRING "SYMPHONY 5.6.16"
| #define PACKAGE_BUGREPORT "symphony@list.coin-or.org"
| #define SYMPHONY_VERSION "5.6.16"
| #define SYMPHONY_VERSION_MAJOR 5
| #define SYMPHONY_VERSION_MINOR 6
| #define SYMPHONY_VERSION_RELEASE 16
| #define COIN_SYMPHONY_VERBOSITY 0
| #define COIN_SYMPHONY_CHECKLEVEL 0
| /* end confdefs.h.  */
| 
| int
| main ()
| {
| exit (42);
|   ;
|   return 0;
| }
configure:3570: i686-w64-mingw32-g++ -c -g -O2  conftest.cc >&5
In file included from /usr/lib/gcc/i686-w64-mingw32/6.4.0/include/c++/cstdlib:75:0,
                 from /usr/lib/gcc/i686-w64-mingw32/6.4.0/include/c++/stdlib.h:36,
                 from conftest.cc:16:
/usr/i686-w64-mingw32/sys-root/mingw/include/stdlib.h:315:32: error: declaration of 'void std::exit(int)' has a different exception specifier
   void __cdecl __MINGW_NOTHROW exit(int _Code) __MINGW_ATTRIB_NORETURN;
                                ^~~~
conftest.cc:15:17: note: from previous declaration 'void std::exit(int) throw ()'
 extern "C" void std::exit (int) throw (); using std::exit;
                 ^~~
configure:3576: $? = 1
configure: failed program was:
| /* confdefs.h.  */
| 
| #define PACKAGE_NAME "SYMPHONY"
| #define PACKAGE_TARNAME "symphony"
| #define PACKAGE_VERSION "5.6.16"
| #define PACKAGE_STRING "SYMPHONY 5.6.16"
| #define PACKAGE_BUGREPORT "symphony@list.coin-or.org"
| #define SYMPHONY_VERSION "5.6.16"
| #define SYMPHONY_VERSION_MAJOR 5
| #define SYMPHONY_VERSION_MINOR 6
| #define SYMPHONY_VERSION_RELEASE 16
| #define COIN_SYMPHONY_VERBOSITY 0
| #define COIN_SYMPHONY_CHECKLEVEL 0
| /* end confdefs.h.  */
| extern "C" void std::exit (int) throw (); using std::exit;
| #include <stdlib.h>
| int
| main ()
| {
| exit (42);
|   ;
|   return 0;
| }
configure:3570: i686-w64-mingw32-g++ -c -g -O2  conftest.cc >&5
configure:3576: $? = 0
configure:3580: test -z 
			 || test ! -s conftest.err
configure:3583: $? = 0
configure:3586: test -s conftest.o
configure:3589: $? = 0
configure:3615: i686-w64-mingw32-g++ -c -g -O2  conftest.cc >&5
configure:3621: $? = 0
configure:3625: test -z 
			 || test ! -s conftest.err
configure:3628: $? = 0
configure:3631: test -s conftest.o
configure:3634: $? = 0
configure:3666: checking whether C++ compiler i686-w64-mingw32-g++ works
configure:3684: i686-w64-mingw32-g++ -c -g -O2  conftest.cc >&5
configure:3690: $? = 0
configure:3694: test -z 
			 || test ! -s conftest.err
configure:3697: $? = 0
configure:3700: test -s conftest.o
configure:3703: $? = 0
configure:3705: result: yes
configure:4033: i686-w64-mingw32-g++ -o conftest.exe -O3 -pipe -DNDEBUG -pedantic-errors -Wparentheses -Wreturn-type -Wcast-qual -Wall -Wpointer-arith -Wwrite-strings -Wconversion -Wno-unknown-pragmas -Wno-long-long   -DSYMPHONY_BUILD   conftest.cc  >&5
configure:4039: $? = 0
configure:4043: test -z 
			 || test ! -s conftest.err
configure:4046: $? = 0
configure:4049: test -s conftest.exe
configure:4052: $? = 0
configure:4119: C++ compiler options are: -O3 -pipe -DNDEBUG -pedantic-errors -Wparentheses -Wreturn-type -Wcast-qual -Wall -Wpointer-arith -Wwrite-strings -Wconversion -Wno-unknown-pragmas -Wno-long-long   -DSYMPHONY_BUILD
configure:4245: checking for egrep
configure:4255: result: grep -E
configure:4260: checking whether ln -s works
configure:4264: result: yes
configure:4285: checking for a BSD-compatible install
configure:4340: result: /usr/bin/install -c
configure:4351: checking whether build environment is sane
configure:4394: result: yes
configure:4459: checking for gawk
configure:4475: found /usr/bin/gawk
configure:4485: result: gawk
configure:4495: checking whether make sets $(MAKE)
configure:4515: result: yes
configure:4545: checking for style of include used by make
configure:4573: result: GNU
configure:4754: checking dependency style of i686-w64-mingw32-gcc
configure:4844: result: gcc3
configure:4863: checking dependency style of i686-w64-mingw32-g++
configure:4953: result: gcc3
configure:4971: checking whether to enable maintainer-specific portions of Makefiles
configure:4980: result: no
configure:20478: Using libtool script in directory ..
configure:20577: checking if library version is set
configure:20581: result: 9:16:6
configure:20936: checking for i686-w64-mingw32-pkg-config
configure:20952: found /usr/bin/i686-w64-mingw32-pkg-config
configure:20962: result: i686-w64-mingw32-pkg-config
configure:21015: checking pkg-config is at least version 0.16.0
configure:21018: result: yes
configure:21114: checking for COIN-OR package CoinDepend
configure:21256: result: yes: 2.10.14 0.107.9 
configure:21630: checking for COIN-OR package Clp
configure:21772: result: yes: 1.16.11 
configure:22140: checking for COIN-OR package DyLP
configure:22304: result: not given: No package 'osi-dylp' found
configure:22650: checking for COIN-OR package Vol
configure:22814: result: not given: No package 'osi-vol' found
configure:23160: checking for COIN-OR package Cgl
configure:23302: result: yes: 0.59.10 
configure:23671: checking for COIN-OR package OsiTests
configure:23802: result: yes: 0.107.9 
configure:24151: checking for COIN-OR package Sample
configure:24282: result: yes: 1.2.10 
configure:24631: checking for COIN-OR package Netlib
configure:24780: result: not given: No package 'coindatanetlib' found
configure:25111: checking for COIN-OR package Miplib3
configure:25260: result: not given: No package 'coindatamiplib3' found
configure:25597: checking for COIN-OR package Cpx
configure:25761: result: not given: No package 'osi-cplex' found
configure:26107: checking for COIN-OR package Glpk
configure:26271: result: not given: No package 'osi-glpk' found
configure:26618: checking for COIN-OR package Msk
configure:26782: result: not given: No package 'osi-mosek' found
configure:27129: checking for COIN-OR package Xpr
configure:27293: result: not given: No package 'osi-xpress' found
configure:27643: checking for SYMPHONY default solver
configure:27657: result: Clp
configure:27817: checking whether to compile with gmpl
configure:27842: result: no
configure:28319: checking whether to compile application library
configure:28340: result: no
configure:28349: checking if user provides library for Pvm
configure:28394: result: no
configure:28895: checking whether compiler supports OpenMP
configure:29037: checking whether this is a VPATH configuration
configure:29044: result: no
configure:29091: checking which command should be used to link input files
configure:29099: result: ln -s
configure:29706: creating ./config.status

## ---------------------- ##
## Running config.status. ##
## ---------------------- ##

This file was extended by SYMPHONY config.status 5.6.16, which was
generated by GNU Autoconf 2.59.  Invocation command line was

  CONFIG_FILES    = 
  CONFIG_HEADERS  = 
  CONFIG_LINKS    = 
  CONFIG_COMMANDS = 
  $ ./config.status 

on sususweet

config.status:983: creating Makefile
config.status:983: creating src/Makefile
config.status:983: creating src/OsiSym/Makefile
config.status:983: creating test/Makefile
config.status:983: creating Examples/Makefile
config.status:983: creating Applications/Makefile.Applications
config.status:983: creating Applications/CNRP/Makefile
config.status:983: creating Applications/MATCH/Makefile
config.status:983: creating Applications/MCKP/Makefile
config.status:983: creating Applications/MPP/Makefile
config.status:983: creating Applications/SPP/Makefile
config.status:983: creating Applications/SPP+CUTS/Makefile
config.status:983: creating Applications/USER/Makefile
config.status:983: creating Applications/VRP/Makefile
config.status:983: creating symphony.pc
config.status:983: creating symphony-app.pc
config.status:983: creating symphony-uninstalled.pc
config.status:983: creating osi-sym.pc
config.status:983: creating osi-sym-uninstalled.pc
config.status:1087: creating include/config.h
config.status:1215: include/config.h is unchanged
config.status:1087: creating include/config_sym.h
config.status:1215: include/config_sym.h is unchanged
config.status:1395: executing depfiles commands
configure:31340: In case of trouble, first consult the troubleshooting page at https://projects.coin-or.org/BuildTools/wiki/user-troubleshooting
configure:31343: Configuration of SYMPHONY successful

## ---------------- ##
## Cache variables. ##
## ---------------- ##

ac_cv_build=x86_64-unknown-cygwin
ac_cv_build_alias=x86_64-unknown-cygwin
ac_cv_c_compiler_gnu=yes
ac_cv_cxx_compiler_gnu=yes
ac_cv_env_ADD_CFLAGS_set=
ac_cv_env_ADD_CFLAGS_value=
ac_cv_env_ADD_CXXFLAGS_set=
ac_cv_env_ADD_CXXFLAGS_value=
ac_cv_env_CC_set=
ac_cv_env_CC_value=
ac_cv_env_CDEFS_set=
ac_cv_env_CDEFS_value=
ac_cv_env_CFLAGS_set=
ac_cv_env_CFLAGS_value=
ac_cv_env_CPPFLAGS_set=
ac_cv_env_CPPFLAGS_value=
ac_cv_env_CPP_set=
ac_cv_env_CPP_value=
ac_cv_env_CXXCPP_set=
ac_cv_env_CXXCPP_value=
ac_cv_env_CXXDEFS_set=
ac_cv_env_CXXDEFS_value=
ac_cv_env_CXXFLAGS_set=
ac_cv_env_CXXFLAGS_value=
ac_cv_env_CXX_set=
ac_cv_env_CXX_value=
ac_cv_env_DBG_CFLAGS_set=
ac_cv_env_DBG_CFLAGS_value=
ac_cv_env_DBG_CXXFLAGS_set=
ac_cv_env_DBG_CXXFLAGS_value=
ac_cv_env_F77_set=
ac_cv_env_F77_value=
ac_cv_env_FFLAGS_set=
ac_cv_env_FFLAGS_value=
ac_cv_env_LDFLAGS_set=
ac_cv_env_LDFLAGS_value=
ac_cv_env_MPICC_set=
ac_cv_env_MPICC_value=
ac_cv_env_MPICXX_set=
ac_cv_env_MPICXX_value=
ac_cv_env_OPT_CFLAGS_set=
ac_cv_env_OPT_CFLAGS_value=
ac_cv_env_OPT_CXXFLAGS_set=
ac_cv_env_OPT_CXXFLAGS_value=
ac_cv_env_PKG_CONFIG_set=
ac_cv_env_PKG_CONFIG_value=
ac_cv_env_build_alias_set=
ac_cv_env_build_alias_value=
ac_cv_env_host_alias_set=set
ac_cv_env_host_alias_value=i686-w64-mingw32
ac_cv_env_target_alias_set=
ac_cv_env_target_alias_value=
ac_cv_exeext=.exe
ac_cv_objext=o
ac_cv_path_install='/usr/bin/install -c'
ac_cv_prog_AWK=gawk
ac_cv_prog_CC=i686-w64-mingw32-gcc
ac_cv_prog_CXX=i686-w64-mingw32-g++
ac_cv_prog_PKG_CONFIG=i686-w64-mingw32-pkg-config
ac_cv_prog_cc_g=yes
ac_cv_prog_cc_stdc=
ac_cv_prog_cxx_g=yes
ac_cv_prog_egrep='grep -E'
ac_cv_prog_have_svnversion=no
ac_cv_prog_make_make_set=yes
am_cv_CC_dependencies_compiler_type=gcc3
am_cv_CXX_dependencies_compiler_type=gcc3
lt_cv_deplibs_check_method=pass_all

## ----------------- ##
## Output variables. ##
## ----------------- ##

ABSBUILDDIR='/cygdrive/h/Java/Bonmin-1.8.6/SYMPHONY'
ACLOCAL='${SHELL} /cygdrive/h/Java/Bonmin-1.8.6/SYMPHONY/missing --run aclocal-1.9'
ADD_CFLAGS=''
ADD_CXXFLAGS=''
ALWAYS_FALSE_FALSE=''
ALWAYS_FALSE_TRUE='#'
AMDEPBACKSLASH='\'
AMDEP_FALSE='#'
AMDEP_TRUE=''
AMTAR='${SHELL} /cygdrive/h/Java/Bonmin-1.8.6/SYMPHONY/missing --run tar'
AR='i686-w64-mingw32-ar'
ARCH='CYGWIN'
AUTOCONF='${SHELL} /cygdrive/h/Java/Bonmin-1.8.6/SYMPHONY/missing --run autoconf'
AUTOHEADER='${SHELL} /cygdrive/h/Java/Bonmin-1.8.6/SYMPHONY/missing --run autoheader'
AUTOMAKE='${SHELL} /cygdrive/h/Java/Bonmin-1.8.6/SYMPHONY/missing --run automake-1.9'
AUX_DIR=''
AWK='gawk'
BUILDTOOLSDIR=''
CC='i686-w64-mingw32-gcc'
CCDEPMODE='depmode=gcc3'
CDEFS=''
CFLAGS='-O3 -pipe -DNDEBUG -pedantic-errors -Wparentheses -Wreturn-type -Wcast-qual -Wall -Wpointer-arith -Wwrite-strings -Wconversion -Wno-unknown-pragmas -Wno-long-long   -DSYMPHONY_BUILD -Wno-unknown-pragmas -Wno-write-strings -Wno-sign-compare -Wno-cast-qual'
CGL_CFLAGS='-I/cygdrive/h/Java/Bonmin-1.8.6/Cgl/src -I/cygdrive/h/Java/Bonmin-1.8.6/Cgl/src/CglAllDifferent -I/cygdrive/h/Java/Bonmin-1.8.6/Cgl/src/CglClique -I/cygdrive/h/Java/Bonmin-1.8.6/Cgl/src/CglDuplicateRow -I/cygdrive/h/Java/Bonmin-1.8.6/Cgl/src/CglFlowCover -I/cygdrive/h/Java/Bonmin-1.8.6/Cgl/src/CglGMI -I/cygdrive/h/Java/Bonmin-1.8.6/Cgl/src/CglGomory -I/cygdrive/h/Java/Bonmin-1.8.6/Cgl/src/CglKnapsackCover -I/cygdrive/h/Java/Bonmin-1.8.6/Cgl/src/CglLandP -I/cygdrive/h/Java/Bonmin-1.8.6/Cgl/src/CglLiftAndProject -I/cygdrive/h/Java/Bonmin-1.8.6/Cgl/src/CglMixedIntegerRounding -I/cygdrive/h/Java/Bonmin-1.8.6/Cgl/src/CglMixedIntegerRounding2 -I/cygdrive/h/Java/Bonmin-1.8.6/Cgl/src/CglOddHole -I/cygdrive/h/Java/Bonmin-1.8.6/Cgl/src/CglPreProcess -I/cygdrive/h/Java/Bonmin-1.8.6/Cgl/src/CglProbing -I/cygdrive/h/Java/Bonmin-1.8.6/Cgl/src/CglRedSplit -I/cygdrive/h/Java/Bonmin-1.8.6/Cgl/src/CglRedSplit2 -I/cygdrive/h/Java/Bonmin-1.8.6/Cgl/src/CglResidualCapacity -I/cygdrive/h/Java/Bonmin-1.8.6/Cgl/src/CglSimpleRounding -I/cygdrive/h/Java/Bonmin-1.8.6/Cgl/src/CglTwomir -I/cygdrive/h/Java/Bonmin-1.8.6/Cgl/src/CglZeroHalf -I/cygdrive/h/Java/Bonmin-1.8.6/Cgl/src -I/cygdrive/h/Java/Bonmin-1.8.6/Clp/src/OsiClp -I/cygdrive/h/Java/Bonmin-1.8.6/Clp/src -I/cygdrive/h/Java/Bonmin-1.8.6/Osi/src/Osi -I/cygdrive/h/Java/Bonmin-1.8.6/CoinUtils/src'
CGL_CFLAGS_INSTALLED=''
CGL_DATA=''
CGL_DATA_INSTALLED=''
CGL_DEPENDENCIES=' /cygdrive/h/Java/Bonmin-1.8.6/Cgl/src/libCgl.la /cygdrive/h/Java/Bonmin-1.8.6/Clp/src/OsiClp/libOsiClp.la /cygdrive/h/Java/Bonmin-1.8.6/Clp/src/libClpSolver.la /cygdrive/h/Java/Bonmin-1.8.6/Clp/src/libClp.la /cygdrive/h/Java/Bonmin-1.8.6/Osi/src/Osi/libOsi.la /cygdrive/h/Java/Bonmin-1.8.6/CoinUtils/src/libCoinUtils.la /cygdrive/h/Java/Bonmin-1.8.6/ThirdParty/Lapack/libcoinlapack.la /cygdrive/h/Java/Bonmin-1.8.6/ThirdParty/Blas/libcoinblas.la'
CGL_LIBS='-L/usr/lib/gcc/i686-w64-mingw32/6.4.0 -L/usr/lib/gcc/i686-w64-mingw32/6.4.0/../../../../i686-w64-mingw32/lib/../lib -L/usr/i686-w64-mingw32/sys-root/mingw/lib/../lib -L/usr/lib/gcc/i686-w64-mingw32/6.4.0/../../../../i686-w64-mingw32/lib -L/usr/lib/gcc/i686-w64-mingw32/6.4.0 -L/usr/lib/gcc/i686-w64-mingw32/6.4.0/../../../../i686-w64-mingw32/lib/../lib -L/usr/i686-w64-mingw32/sys-root/mingw/lib/../lib -L/usr/lib/gcc/i686-w64-mingw32/6.4.0/../../../../i686-w64-mingw32/lib /cygdrive/h/Java/Bonmin-1.8.6/Cgl/src/libCgl.la /cygdrive/h/Java/Bonmin-1.8.6/Clp/src/OsiClp/libOsiClp.la /cygdrive/h/Java/Bonmin-1.8.6/Clp/src/libClpSolver.la /cygdrive/h/Java/Bonmin-1.8.6/Clp/src/libClp.la /cygdrive/h/Java/Bonmin-1.8.6/Osi/src/Osi/libOsi.la /cygdrive/h/Java/Bonmin-1.8.6/CoinUtils/src/libCoinUtils.la -lz -lm /cygdrive/h/Java/Bonmin-1.8.6/ThirdParty/Lapack/libcoinlapack.la -lgfortran -lmingw32 -lmoldname -lmingwex -lmsvcrt -lquadmath -lm -lpthread -ladvapi32 -lshell32 -luser32 -lkernel32 /cygdrive/h/Java/Bonmin-1.8.6/ThirdParty/Blas/libcoinblas.la -lgfortran -lmingw32 -lmoldname -lmingwex -lmsvcrt -lquadmath -lm -lpthread -ladvapi32 -lshell32 -luser32 -lkernel32'
CGL_LIBS_INSTALLED=''
CHECK_CUT_VALIDITY_FALSE=''
CHECK_CUT_VALIDITY_TRUE='#'
CLLCFLAGS=''
CLP_CFLAGS='-I/cygdrive/h/Java/Bonmin-1.8.6/Clp/src/OsiClp -I/cygdrive/h/Java/Bonmin-1.8.6/Clp/src -I/cygdrive/h/Java/Bonmin-1.8.6/Osi/src/Osi -I/cygdrive/h/Java/Bonmin-1.8.6/CoinUtils/src'
CLP_CFLAGS_INSTALLED=''
CLP_DATA=''
CLP_DATA_INSTALLED=''
CLP_DEPENDENCIES=' /cygdrive/h/Java/Bonmin-1.8.6/Clp/src/OsiClp/libOsiClp.la /cygdrive/h/Java/Bonmin-1.8.6/Clp/src/libClpSolver.la /cygdrive/h/Java/Bonmin-1.8.6/Clp/src/libClp.la /cygdrive/h/Java/Bonmin-1.8.6/Osi/src/Osi/libOsi.la /cygdrive/h/Java/Bonmin-1.8.6/CoinUtils/src/libCoinUtils.la /cygdrive/h/Java/Bonmin-1.8.6/ThirdParty/Lapack/libcoinlapack.la /cygdrive/h/Java/Bonmin-1.8.6/ThirdParty/Blas/libcoinblas.la'
CLP_LIBS='-L/usr/lib/gcc/i686-w64-mingw32/6.4.0 -L/usr/lib/gcc/i686-w64-mingw32/6.4.0/../../../../i686-w64-mingw32/lib/../lib -L/usr/i686-w64-mingw32/sys-root/mingw/lib/../lib -L/usr/lib/gcc/i686-w64-mingw32/6.4.0/../../../../i686-w64-mingw32/lib -L/usr/lib/gcc/i686-w64-mingw32/6.4.0 -L/usr/lib/gcc/i686-w64-mingw32/6.4.0/../../../../i686-w64-mingw32/lib/../lib -L/usr/i686-w64-mingw32/sys-root/mingw/lib/../lib -L/usr/lib/gcc/i686-w64-mingw32/6.4.0/../../../../i686-w64-mingw32/lib /cygdrive/h/Java/Bonmin-1.8.6/Clp/src/OsiClp/libOsiClp.la /cygdrive/h/Java/Bonmin-1.8.6/Clp/src/libClpSolver.la /cygdrive/h/Java/Bonmin-1.8.6/Clp/src/libClp.la /cygdrive/h/Java/Bonmin-1.8.6/Osi/src/Osi/libOsi.la /cygdrive/h/Java/Bonmin-1.8.6/CoinUtils/src/libCoinUtils.la -lz -lm /cygdrive/h/Java/Bonmin-1.8.6/ThirdParty/Lapack/libcoinlapack.la -lgfortran -lmingw32 -lmoldname -lmingwex -lmsvcrt -lquadmath -lm -lpthread -ladvapi32 -lshell32 -luser32 -lkernel32 /cygdrive/h/Java/Bonmin-1.8.6/ThirdParty/Blas/libcoinblas.la -lgfortran -lmingw32 -lmoldname -lmingwex -lmsvcrt -lquadmath -lm -lpthread -ladvapi32 -lshell32 -luser32 -lkernel32'
CLP_LIBS_INSTALLED=''
CLP_LP_SOLVER_FALSE='#'
CLP_LP_SOLVER_TRUE=''
COINDEPEND_CFLAGS='-I/cygdrive/h/Java/Bonmin-1.8.6/Osi/src/Osi -I/cygdrive/h/Java/Bonmin-1.8.6/CoinUtils/src'
COINDEPEND_CFLAGS_INSTALLED=''
COINDEPEND_DATA=''
COINDEPEND_DATA_INSTALLED=''
COINDEPEND_DEPENDENCIES=' /cygdrive/h/Java/Bonmin-1.8.6/Osi/src/Osi/libOsi.la /cygdrive/h/Java/Bonmin-1.8.6/CoinUtils/src/libCoinUtils.la /cygdrive/h/Java/Bonmin-1.8.6/ThirdParty/Lapack/libcoinlapack.la /cygdrive/h/Java/Bonmin-1.8.6/ThirdParty/Blas/libcoinblas.la'
COINDEPEND_LIBS='-L/usr/lib/gcc/i686-w64-mingw32/6.4.0 -L/usr/lib/gcc/i686-w64-mingw32/6.4.0/../../../../i686-w64-mingw32/lib/../lib -L/usr/i686-w64-mingw32/sys-root/mingw/lib/../lib -L/usr/lib/gcc/i686-w64-mingw32/6.4.0/../../../../i686-w64-mingw32/lib -L/usr/lib/gcc/i686-w64-mingw32/6.4.0 -L/usr/lib/gcc/i686-w64-mingw32/6.4.0/../../../../i686-w64-mingw32/lib/../lib -L/usr/i686-w64-mingw32/sys-root/mingw/lib/../lib -L/usr/lib/gcc/i686-w64-mingw32/6.4.0/../../../../i686-w64-mingw32/lib /cygdrive/h/Java/Bonmin-1.8.6/Osi/src/Osi/libOsi.la /cygdrive/h/Java/Bonmin-1.8.6/CoinUtils/src/libCoinUtils.la -lz -lm /cygdrive/h/Java/Bonmin-1.8.6/ThirdParty/Lapack/libcoinlapack.la -lgfortran -lmingw32 -lmoldname -lmingwex -lmsvcrt -lquadmath -lm -lpthread -ladvapi32 -lshell32 -luser32 -lkernel32 /cygdrive/h/Java/Bonmin-1.8.6/ThirdParty/Blas/libcoinblas.la -lgfortran -lmingw32 -lmoldname -lmingwex -lmsvcrt -lquadmath -lm -lpthread -ladvapi32 -lshell32 -luser32 -lkernel32'
COINDEPEND_LIBS_INSTALLED=''
COIN_CC_IS_CL_FALSE=''
COIN_CC_IS_CL_TRUE='#'
COIN_CXX_IS_CL_FALSE=''
COIN_CXX_IS_CL_TRUE='#'
COIN_HAS_CGL_FALSE='#'
COIN_HAS_CGL_TRUE=''
COIN_HAS_CLP=''
COIN_HAS_CLP_FALSE='#'
COIN_HAS_CLP_TRUE=''
COIN_HAS_COINDEPEND_FALSE='#'
COIN_HAS_COINDEPEND_TRUE=''
COIN_HAS_CPX_FALSE=''
COIN_HAS_CPX_TRUE='#'
COIN_HAS_DYLP_FALSE=''
COIN_HAS_DYLP_TRUE='#'
COIN_HAS_GLPK_FALSE=''
COIN_HAS_GLPK_TRUE='#'
COIN_HAS_MIPLIB3_FALSE=''
COIN_HAS_MIPLIB3_TRUE='#'
COIN_HAS_MSK_FALSE=''
COIN_HAS_MSK_TRUE='#'
COIN_HAS_NETLIB_FALSE=''
COIN_HAS_NETLIB_TRUE='#'
COIN_HAS_OSITESTS_FALSE='#'
COIN_HAS_OSITESTS_TRUE=''
COIN_HAS_PKGCONFIG_FALSE='#'
COIN_HAS_PKGCONFIG_TRUE=''
COIN_HAS_PVM_FALSE=''
COIN_HAS_PVM_TRUE='#'
COIN_HAS_READLINE_FALSE=''
COIN_HAS_READLINE_TRUE='#'
COIN_HAS_SAMPLE_FALSE='#'
COIN_HAS_SAMPLE_TRUE=''
COIN_HAS_VOL_FALSE=''
COIN_HAS_VOL_TRUE='#'
COIN_HAS_XPR_FALSE=''
COIN_HAS_XPR_TRUE='#'
COIN_PKG_CONFIG_PATH='/cygdrive/h/Java/Bonmin-1.8.6/SYMPHONY/lib64/pkgconfig:/cygdrive/h/Java/Bonmin-1.8.6/SYMPHONY/lib/pkgconfig:/cygdrive/h/Java/Bonmin-1.8.6/SYMPHONY/share/pkgconfig:'
COIN_PKG_CONFIG_PATH_UNINSTALLED='/cygdrive/h/Java/Bonmin-1.8.6/Bonmin:/cygdrive/h/Java/Bonmin-1.8.6/Ipopt:/cygdrive/h/Java/Bonmin-1.8.6/Cbc:/cygdrive/h/Java/Bonmin-1.8.6/Cgl:/cygdrive/h/Java/Bonmin-1.8.6/Clp:/cygdrive/h/Java/Bonmin-1.8.6/Osi:/cygdrive/h/Java/Bonmin-1.8.6/CoinUtils:/cygdrive/h/Java/Bonmin-1.8.6/Data/Sample:/cygdrive/h/Java/Bonmin-1.8.6/ThirdParty/HSL:/cygdrive/h/Java/Bonmin-1.8.6/ThirdParty/Lapack:/cygdrive/h/Java/Bonmin-1.8.6/ThirdParty/Blas:'
COMPILE_FRAC_BRANCHING_FALSE=''
COMPILE_FRAC_BRANCHING_TRUE='#'
CPEXT='_cp'
CPLEX_LP_SOLVER_FALSE=''
CPLEX_LP_SOLVER_TRUE='#'
CPP='i686-w64-mingw32-gcc -E'
CPPFLAGS=''
CPX_CFLAGS=''
CPX_CFLAGS_INSTALLED=''
CPX_DATA=''
CPX_DATA_INSTALLED=''
CPX_DEPENDENCIES=''
CPX_LIBS=''
CPX_LIBS_INSTALLED=''
CXX='i686-w64-mingw32-g++'
CXXCPP='i686-w64-mingw32-g++ -E'
CXXDEFS=''
CXXDEPMODE='depmode=gcc3'
CXXFLAGS='-O3 -pipe -DNDEBUG -pedantic-errors -Wparentheses -Wreturn-type -Wcast-qual -Wall -Wpointer-arith -Wwrite-strings -Wconversion -Wno-unknown-pragmas -Wno-long-long   -DSYMPHONY_BUILD -Wno-unknown-pragmas -Wno-write-strings -Wno-sign-compare -Wno-cast-qual'
CYGPATH_W='echo'
DBG_CFLAGS='-g -O0 -pipe -pedantic-errors -Wimplicit -Wparentheses -Wsequence-point -Wreturn-type -Wcast-qual -Wall -Wno-unknown-pragmas -Wno-long-long  '
DBG_CXXFLAGS='-g -O0 -pipe -pedantic-errors -Wparentheses -Wreturn-type -Wcast-qual -Wall -Wpointer-arith -Wwrite-strings -Wconversion -Wno-unknown-pragmas -Wno-long-long  '
DEFS='-DHAVE_CONFIG_H'
DEPDIR='.deps'
DEPENDENCY_LINKING_FALSE='#'
DEPENDENCY_LINKING_TRUE=''
DO_TESTS_FALSE=''
DO_TESTS_TRUE='#'
DRAWGRAPH_FALSE=''
DRAWGRAPH_TRUE='#'
DYLP_CFLAGS=''
DYLP_CFLAGS_INSTALLED=''
DYLP_DATA=''
DYLP_DATA_INSTALLED=''
DYLP_DEPENDENCIES=''
DYLP_LIBS=''
DYLP_LIBS_INSTALLED=''
ECHO='echo'
ECHO_C=''
ECHO_N='-n'
ECHO_T=''
EGREP='grep -E'
EXEEXT='.exe'
F77=''
FFLAGS=''
GLPK_CFLAGS=''
GLPK_CFLAGS_INSTALLED=''
GLPK_DATA=''
GLPK_DATA_INSTALLED=''
GLPK_DEPENDENCIES=''
GLPK_LIBS=''
GLPK_LIBS_INSTALLED=''
GLPK_LP_SOLVER_FALSE=''
GLPK_LP_SOLVER_TRUE='#'
HAVE_EXTERNALS_FALSE=''
HAVE_EXTERNALS_TRUE='#'
INSTALL_DATA='${INSTALL} -m 644'
INSTALL_PROGRAM='${INSTALL}'
INSTALL_SCRIPT='${INSTALL}'
INSTALL_STRIP_PROGRAM='${SHELL} $(install_sh) -c -s'
LDFLAGS=''
LIBEXT='a'
LIBOBJS=''
LIBS=''
LIBTOOL='$(SHELL) $(top_builddir)/../libtool'
LIBTOOLM4=''
LN_S='ln -s'
LPEXT='_cg'
LTLIBOBJS=''
LT_LDFLAGS='-no-undefined -version-info 9:16:6'
MAINT='#'
MAINTAINER_MODE_FALSE=''
MAINTAINER_MODE_TRUE='#'
MAKEINFO='${SHELL} /cygdrive/h/Java/Bonmin-1.8.6/SYMPHONY/missing --run makeinfo'
MASTEREXT='_tm_lp_cg_cp'
MIPLIB3_CFLAGS=''
MIPLIB3_CFLAGS_INSTALLED=''
MIPLIB3_DATA=''
MIPLIB3_DATA_INSTALLED=''
MIPLIB3_DEPENDENCIES=''
MIPLIB3_LIBS=''
MIPLIB3_LIBS_INSTALLED=''
MPICC=''
MPICXX=''
MSK_CFLAGS=''
MSK_CFLAGS_INSTALLED=''
MSK_DATA=''
MSK_DATA_INSTALLED=''
MSK_DEPENDENCIES=''
MSK_LIBS=''
MSK_LIBS_INSTALLED=''
NETLIB_CFLAGS=''
NETLIB_CFLAGS_INSTALLED=''
NETLIB_DATA=''
NETLIB_DATA_INSTALLED=''
NETLIB_DEPENDENCIES=''
NETLIB_LIBS=''
NETLIB_LIBS_INSTALLED=''
OBJEXT='o'
OPENMP_FALSE=''
OPENMP_TRUE='#'
OPT_CFLAGS='-O3 -pipe -DNDEBUG -pedantic-errors -Wimplicit -Wparentheses -Wsequence-point -Wreturn-type -Wcast-qual -Wall -Wno-unknown-pragmas -Wno-long-long  '
OPT_CXXFLAGS='-O3 -pipe -DNDEBUG -pedantic-errors -Wparentheses -Wreturn-type -Wcast-qual -Wall -Wpointer-arith -Wwrite-strings -Wconversion -Wno-unknown-pragmas -Wno-long-long  '
OSITESTS_CFLAGS='-I/cygdrive/h/Java/Bonmin-1.8.6/Osi/src/OsiCommonTest -I/cygdrive/h/Java/Bonmin-1.8.6/Osi/src/Osi -I/cygdrive/h/Java/Bonmin-1.8.6/CoinUtils/src'
OSITESTS_CFLAGS_INSTALLED=''
OSITESTS_DATA=''
OSITESTS_DATA_INSTALLED=''
OSITESTS_DEPENDENCIES=' /cygdrive/h/Java/Bonmin-1.8.6/Osi/src/OsiCommonTest/libOsiCommonTests.la /cygdrive/h/Java/Bonmin-1.8.6/Osi/src/Osi/libOsi.la /cygdrive/h/Java/Bonmin-1.8.6/CoinUtils/src/libCoinUtils.la /cygdrive/h/Java/Bonmin-1.8.6/ThirdParty/Lapack/libcoinlapack.la /cygdrive/h/Java/Bonmin-1.8.6/ThirdParty/Blas/libcoinblas.la'
OSITESTS_LIBS='-L/usr/lib/gcc/i686-w64-mingw32/6.4.0 -L/usr/lib/gcc/i686-w64-mingw32/6.4.0/../../../../i686-w64-mingw32/lib/../lib -L/usr/i686-w64-mingw32/sys-root/mingw/lib/../lib -L/usr/lib/gcc/i686-w64-mingw32/6.4.0/../../../../i686-w64-mingw32/lib -L/usr/lib/gcc/i686-w64-mingw32/6.4.0 -L/usr/lib/gcc/i686-w64-mingw32/6.4.0/../../../../i686-w64-mingw32/lib/../lib -L/usr/i686-w64-mingw32/sys-root/mingw/lib/../lib -L/usr/lib/gcc/i686-w64-mingw32/6.4.0/../../../../i686-w64-mingw32/lib /cygdrive/h/Java/Bonmin-1.8.6/Osi/src/OsiCommonTest/libOsiCommonTests.la /cygdrive/h/Java/Bonmin-1.8.6/Osi/src/Osi/libOsi.la /cygdrive/h/Java/Bonmin-1.8.6/CoinUtils/src/libCoinUtils.la -lz -lm /cygdrive/h/Java/Bonmin-1.8.6/ThirdParty/Lapack/libcoinlapack.la -lgfortran -lmingw32 -lmoldname -lmingwex -lmsvcrt -lquadmath -lm -lpthread -ladvapi32 -lshell32 -luser32 -lkernel32 /cygdrive/h/Java/Bonmin-1.8.6/ThirdParty/Blas/libcoinblas.la -lgfortran -lmingw32 -lmoldname -lmingwex -lmsvcrt -lquadmath -lm -lpthread -ladvapi32 -lshell32 -luser32 -lkernel32'
OSITESTS_LIBS_INSTALLED=''
OSL_LP_SOLVER_FALSE=''
OSL_LP_SOLVER_TRUE='#'
PACKAGE='symphony'
PACKAGE_BUGREPORT='symphony@list.coin-or.org'
PACKAGE_NAME='SYMPHONY'
PACKAGE_STRING='SYMPHONY 5.6.16'
PACKAGE_TARNAME='symphony'
PACKAGE_VERSION='5.6.16'
PATH_SEPARATOR=':'
PKG_CONFIG='i686-w64-mingw32-pkg-config'
PSEUDO_COSTS_FALSE=''
PSEUDO_COSTS_TRUE='#'
PVMINCDIR=''
PVMLIB=''
RANLIB='i686-w64-mingw32-ranlib'
ROOT_NODE_ONLY_FALSE=''
ROOT_NODE_ONLY_TRUE='#'
RPATH_FLAGS=''
SAMPLE_CFLAGS=''
SAMPLE_CFLAGS_INSTALLED=''
SAMPLE_DATA='/cygdrive/h/Java/Bonmin-1.8.6/Data/Sample'
SAMPLE_DATA_INSTALLED=''
SAMPLE_DEPENDENCIES=' '
SAMPLE_LIBS=''
SAMPLE_LIBS_INSTALLED=''
SENSITIVITY_ANALYSIS_FALSE=''
SENSITIVITY_ANALYSIS_TRUE='#'
SET_MAKE=''
SHELL='/bin/sh'
SIGHANDLER_FALSE='#'
SIGHANDLER_TRUE=''
SOPLEX_LP_SOLVER_FALSE=''
SOPLEX_LP_SOLVER_TRUE='#'
STATICEXE_FALSE=''
STATICEXE_TRUE='#'
STATISTICS_FALSE=''
STATISTICS_TRUE='#'
STRIP='i686-w64-mingw32-strip'
SYMAPPLDIR='/cygdrive/h/Java/Bonmin-1.8.6/SYMPHONY/Applications'
SYMDEFS='-DHAS_RANDOM -DHAS_SRANDOM -D__NONE__ -D__MNO_CYGWIN -DCOMPILE_IN_CG -DCOMPILE_IN_CP -DCOMPILE_IN_LP -DCOMPILE_IN_TM'
SYMINCDIR='/cygdrive/h/Java/Bonmin-1.8.6/SYMPHONY/include'
SYMPDEFS='-DHAS_RANDOM -DHAS_SRANDOM -D__NONE__ -D__MNO_CYGWIN -DCOMPILE_IN_CG -DCOMPILE_IN_CP -DCOMPILE_IN_LP -DCOMPILE_IN_TM'
SYMPHONYLIB_CFLAGS='-I/cygdrive/h/Java/Bonmin-1.8.6/Cgl/src -I/cygdrive/h/Java/Bonmin-1.8.6/Cgl/src/CglAllDifferent -I/cygdrive/h/Java/Bonmin-1.8.6/Cgl/src/CglClique -I/cygdrive/h/Java/Bonmin-1.8.6/Cgl/src/CglDuplicateRow -I/cygdrive/h/Java/Bonmin-1.8.6/Cgl/src/CglFlowCover -I/cygdrive/h/Java/Bonmin-1.8.6/Cgl/src/CglGMI -I/cygdrive/h/Java/Bonmin-1.8.6/Cgl/src/CglGomory -I/cygdrive/h/Java/Bonmin-1.8.6/Cgl/src/CglKnapsackCover -I/cygdrive/h/Java/Bonmin-1.8.6/Cgl/src/CglLandP -I/cygdrive/h/Java/Bonmin-1.8.6/Cgl/src/CglLiftAndProject -I/cygdrive/h/Java/Bonmin-1.8.6/Cgl/src/CglMixedIntegerRounding -I/cygdrive/h/Java/Bonmin-1.8.6/Cgl/src/CglMixedIntegerRounding2 -I/cygdrive/h/Java/Bonmin-1.8.6/Cgl/src/CglOddHole -I/cygdrive/h/Java/Bonmin-1.8.6/Cgl/src/CglPreProcess -I/cygdrive/h/Java/Bonmin-1.8.6/Cgl/src/CglProbing -I/cygdrive/h/Java/Bonmin-1.8.6/Cgl/src/CglRedSplit -I/cygdrive/h/Java/Bonmin-1.8.6/Cgl/src/CglRedSplit2 -I/cygdrive/h/Java/Bonmin-1.8.6/Cgl/src/CglResidualCapacity -I/cygdrive/h/Java/Bonmin-1.8.6/Cgl/src/CglSimpleRounding -I/cygdrive/h/Java/Bonmin-1.8.6/Cgl/src/CglTwomir -I/cygdrive/h/Java/Bonmin-1.8.6/Cgl/src/CglZeroHalf -I/cygdrive/h/Java/Bonmin-1.8.6/Cgl/src -I/cygdrive/h/Java/Bonmin-1.8.6/Clp/src/OsiClp -I/cygdrive/h/Java/Bonmin-1.8.6/Clp/src -I/cygdrive/h/Java/Bonmin-1.8.6/Osi/src/Osi -I/cygdrive/h/Java/Bonmin-1.8.6/CoinUtils/src -I/cygdrive/h/Java/Bonmin-1.8.6/Clp/src/OsiClp -I/cygdrive/h/Java/Bonmin-1.8.6/Clp/src -I/cygdrive/h/Java/Bonmin-1.8.6/Osi/src/Osi -I/cygdrive/h/Java/Bonmin-1.8.6/CoinUtils/src -I/cygdrive/h/Java/Bonmin-1.8.6/Osi/src/Osi -I/cygdrive/h/Java/Bonmin-1.8.6/CoinUtils/src '
SYMPHONYLIB_CFLAGS_INSTALLED=''
SYMPHONYLIB_DEPENDENCIES=' /cygdrive/h/Java/Bonmin-1.8.6/Cgl/src/libCgl.la /cygdrive/h/Java/Bonmin-1.8.6/Clp/src/OsiClp/libOsiClp.la /cygdrive/h/Java/Bonmin-1.8.6/Clp/src/libClpSolver.la /cygdrive/h/Java/Bonmin-1.8.6/Clp/src/libClp.la /cygdrive/h/Java/Bonmin-1.8.6/Osi/src/Osi/libOsi.la /cygdrive/h/Java/Bonmin-1.8.6/CoinUtils/src/libCoinUtils.la /cygdrive/h/Java/Bonmin-1.8.6/ThirdParty/Lapack/libcoinlapack.la /cygdrive/h/Java/Bonmin-1.8.6/ThirdParty/Blas/libcoinblas.la /cygdrive/h/Java/Bonmin-1.8.6/Clp/src/OsiClp/libOsiClp.la /cygdrive/h/Java/Bonmin-1.8.6/Clp/src/libClpSolver.la /cygdrive/h/Java/Bonmin-1.8.6/Clp/src/libClp.la /cygdrive/h/Java/Bonmin-1.8.6/Osi/src/Osi/libOsi.la /cygdrive/h/Java/Bonmin-1.8.6/CoinUtils/src/libCoinUtils.la /cygdrive/h/Java/Bonmin-1.8.6/ThirdParty/Lapack/libcoinlapack.la /cygdrive/h/Java/Bonmin-1.8.6/ThirdParty/Blas/libcoinblas.la /cygdrive/h/Java/Bonmin-1.8.6/Osi/src/Osi/libOsi.la /cygdrive/h/Java/Bonmin-1.8.6/CoinUtils/src/libCoinUtils.la /cygdrive/h/Java/Bonmin-1.8.6/ThirdParty/Lapack/libcoinlapack.la /cygdrive/h/Java/Bonmin-1.8.6/ThirdParty/Blas/libcoinblas.la  '
SYMPHONYLIB_LIBS='-L/usr/lib/gcc/i686-w64-mingw32/6.4.0 -L/usr/lib/gcc/i686-w64-mingw32/6.4.0/../../../../i686-w64-mingw32/lib/../lib -L/usr/i686-w64-mingw32/sys-root/mingw/lib/../lib -L/usr/lib/gcc/i686-w64-mingw32/6.4.0/../../../../i686-w64-mingw32/lib -L/usr/lib/gcc/i686-w64-mingw32/6.4.0 -L/usr/lib/gcc/i686-w64-mingw32/6.4.0/../../../../i686-w64-mingw32/lib/../lib -L/usr/i686-w64-mingw32/sys-root/mingw/lib/../lib -L/usr/lib/gcc/i686-w64-mingw32/6.4.0/../../../../i686-w64-mingw32/lib /cygdrive/h/Java/Bonmin-1.8.6/Cgl/src/libCgl.la /cygdrive/h/Java/Bonmin-1.8.6/Clp/src/OsiClp/libOsiClp.la /cygdrive/h/Java/Bonmin-1.8.6/Clp/src/libClpSolver.la /cygdrive/h/Java/Bonmin-1.8.6/Clp/src/libClp.la /cygdrive/h/Java/Bonmin-1.8.6/Osi/src/Osi/libOsi.la /cygdrive/h/Java/Bonmin-1.8.6/CoinUtils/src/libCoinUtils.la -lz -lm /cygdrive/h/Java/Bonmin-1.8.6/ThirdParty/Lapack/libcoinlapack.la -lgfortran -lmingw32 -lmoldname -lmingwex -lmsvcrt -lquadmath -lm -lpthread -ladvapi32 -lshell32 -luser32 -lkernel32 /cygdrive/h/Java/Bonmin-1.8.6/ThirdParty/Blas/libcoinblas.la -lgfortran -lmingw32 -lmoldname -lmingwex -lmsvcrt -lquadmath -lm -lpthread -ladvapi32 -lshell32 -luser32 -lkernel32 -L/usr/lib/gcc/i686-w64-mingw32/6.4.0 -L/usr/lib/gcc/i686-w64-mingw32/6.4.0/../../../../i686-w64-mingw32/lib/../lib -L/usr/i686-w64-mingw32/sys-root/mingw/lib/../lib -L/usr/lib/gcc/i686-w64-mingw32/6.4.0/../../../../i686-w64-mingw32/lib -L/usr/lib/gcc/i686-w64-mingw32/6.4.0 -L/usr/lib/gcc/i686-w64-mingw32/6.4.0/../../../../i686-w64-mingw32/lib/../lib -L/usr/i686-w64-mingw32/sys-root/mingw/lib/../lib -L/usr/lib/gcc/i686-w64-mingw32/6.4.0/../../../../i686-w64-mingw32/lib /cygdrive/h/Java/Bonmin-1.8.6/Clp/src/OsiClp/libOsiClp.la /cygdrive/h/Java/Bonmin-1.8.6/Clp/src/libClpSolver.la /cygdrive/h/Java/Bonmin-1.8.6/Clp/src/libClp.la /cygdrive/h/Java/Bonmin-1.8.6/Osi/src/Osi/libOsi.la /cygdrive/h/Java/Bonmin-1.8.6/CoinUtils/src/libCoinUtils.la -lz -lm /cygdrive/h/Java/Bonmin-1.8.6/ThirdParty/Lapack/libcoinlapack.la -lgfortran -lmingw32 -lmoldname -lmingwex -lmsvcrt -lquadmath -lm -lpthread -ladvapi32 -lshell32 -luser32 -lkernel32 /cygdrive/h/Java/Bonmin-1.8.6/ThirdParty/Blas/libcoinblas.la -lgfortran -lmingw32 -lmoldname -lmingwex -lmsvcrt -lquadmath -lm -lpthread -ladvapi32 -lshell32 -luser32 -lkernel32 -L/usr/lib/gcc/i686-w64-mingw32/6.4.0 -L/usr/lib/gcc/i686-w64-mingw32/6.4.0/../../../../i686-w64-mingw32/lib/../lib -L/usr/i686-w64-mingw32/sys-root/mingw/lib/../lib -L/usr/lib/gcc/i686-w64-mingw32/6.4.0/../../../../i686-w64-mingw32/lib -L/usr/lib/gcc/i686-w64-mingw32/6.4.0 -L/usr/lib/gcc/i686-w64-mingw32/6.4.0/../../../../i686-w64-mingw32/lib/../lib -L/usr/i686-w64-mingw32/sys-root/mingw/lib/../lib -L/usr/lib/gcc/i686-w64-mingw32/6.4.0/../../../../i686-w64-mingw32/lib /cygdrive/h/Java/Bonmin-1.8.6/Osi/src/Osi/libOsi.la /cygdrive/h/Java/Bonmin-1.8.6/CoinUtils/src/libCoinUtils.la -lz -lm /cygdrive/h/Java/Bonmin-1.8.6/ThirdParty/Lapack/libcoinlapack.la -lgfortran -lmingw32 -lmoldname -lmingwex -lmsvcrt -lquadmath -lm -lpthread -ladvapi32 -lshell32 -luser32 -lkernel32 /cygdrive/h/Java/Bonmin-1.8.6/ThirdParty/Blas/libcoinblas.la -lgfortran -lmingw32 -lmoldname -lmingwex -lmsvcrt -lquadmath -lm -lpthread -ladvapi32 -lshell32 -luser32 -lkernel32 '
SYMPHONYLIB_LIBS_INSTALLED=''
SYMPHONYLIB_PCLIBS=''
SYMPHONYLIB_PCREQUIRES='cgl osi-clp coinutils osi '
SYMPHONY_SVN_REV=''
SYMSRCDIR='/cygdrive/h/Java/Bonmin-1.8.6/SYMPHONY/src'
SYM_COMPILE_IN_CG_FALSE='#'
SYM_COMPILE_IN_CG_TRUE=''
SYM_COMPILE_IN_CP_FALSE='#'
SYM_COMPILE_IN_CP_TRUE=''
SYM_COMPILE_IN_LP_FALSE='#'
SYM_COMPILE_IN_LP_TRUE=''
SYM_COMPILE_IN_TM_FALSE='#'
SYM_COMPILE_IN_TM_TRUE=''
SYM_OPENMP_FLAGS=''
SYM_OPENMP_LIBS=''
SYM_PARALLEL_FALSE=''
SYM_PARALLEL_TRUE='#'
SYM_WITH_APPL_FALSE=''
SYM_WITH_APPL_TRUE='#'
TMEXT='_lp_cg_cp'
TM_BASIS_TESTS_FALSE=''
TM_BASIS_TESTS_TRUE='#'
TRACE_PATH_FALSE=''
TRACE_PATH_TRUE='#'
USE_CGL_CUTS_FALSE='#'
USE_CGL_CUTS_TRUE=''
USE_GMPL_FALSE=''
USE_GMPL_TRUE='#'
VERSION='5.6.16'
VOL_CFLAGS=''
VOL_CFLAGS_INSTALLED=''
VOL_DATA=''
VOL_DATA_INSTALLED=''
VOL_DEPENDENCIES=''
VOL_LIBS=''
VOL_LIBS_INSTALLED=''
VPATH_DISTCLEANFILES=''
WHATTOINSTALLLIBS='libSym.la'
WHATTOMAKEBINS='symphony.exe'
WHATTOMAKELIBS='libSym.la'
XPRESS_LP_SOLVER_FALSE=''
XPRESS_LP_SOLVER_TRUE='#'
XPR_CFLAGS=''
XPR_CFLAGS_INSTALLED=''
XPR_DATA=''
XPR_DATA_INSTALLED=''
XPR_DEPENDENCIES=''
XPR_LIBS=''
XPR_LIBS_INSTALLED=''
abs_bin_dir='/cygdrive/h/Java/Bonmin-1.8.6/SYMPHONY/bin'
abs_include_dir='/cygdrive/h/Java/Bonmin-1.8.6/SYMPHONY/include'
abs_lib_dir='/cygdrive/h/Java/Bonmin-1.8.6/SYMPHONY/lib'
abs_source_dir='/cygdrive/h/Java/Bonmin-1.8.6/SYMPHONY'
ac_c_preproc_warn_flag=''
ac_ct_AR=''
ac_ct_CC=''
ac_ct_CXX=''
ac_ct_F77=''
ac_ct_PKG_CONFIG=''
ac_ct_RANLIB=''
ac_ct_STRIP=''
ac_cxx_preproc_warn_flag=''
am__fastdepCC_FALSE='#'
am__fastdepCC_TRUE=''
am__fastdepCXX_FALSE='#'
am__fastdepCXX_TRUE=''
am__include='include'
am__leading_dot='.'
am__quote=''
am__tar='${AMTAR} chof - "$$tardir"'
am__untar='${AMTAR} xf -'
bindir='${exec_prefix}/bin'
build='x86_64-unknown-cygwin'
build_alias=''
build_cpu='x86_64'
build_os='cygwin'
build_vendor='unknown'
datadir='${prefix}/share'
exec_prefix='${prefix}'
have_autoconf=''
have_automake=''
have_svn=''
have_svnversion='no'
host='i686-w64-mingw32'
host_alias='i686-w64-mingw32'
host_cpu='i686'
host_os='mingw32'
host_vendor='w64'
includedir='${prefix}/include'
infodir='${prefix}/info'
install_sh='/cygdrive/h/Java/Bonmin-1.8.6/SYMPHONY/install-sh'
libdir='${exec_prefix}/lib'
libexecdir='${exec_prefix}/libexec'
localstatedir='${prefix}/var'
mandir='${prefix}/man'
mkdir_p='mkdir -p --'
oldincludedir='/usr/include'
prefix='/cygdrive/h/Java/Bonmin-1.8.6/SYMPHONY'
program_transform_name='s,x,x,'
sbindir='${exec_prefix}/sbin'
sharedstatedir='${prefix}/com'
sol_cc_compiler=''
sysconfdir='${prefix}/etc'
target_alias=''

## ----------- ##
## confdefs.h. ##
## ----------- ##

#define COIN_HAS_CGL 1
#define COIN_HAS_CLP 1
#define COIN_HAS_COINDEPEND 1
#define COIN_HAS_OSITESTS 1
#define COIN_HAS_SAMPLE 1
#define COIN_SYMPHONY_CHECKLEVEL 0
#define COIN_SYMPHONY_VERBOSITY 0
#define HAVE_INTTYPES_H 1
#define HAVE_MEMORY_H 1
#define HAVE_STDINT_H 1
#define HAVE_STDLIB_H 1
#define HAVE_STRINGS_H 1
#define HAVE_STRING_H 1
#define HAVE_SYS_STAT_H 1
#define HAVE_SYS_TYPES_H 1
#define HAVE_UNISTD_H 1
#define PACKAGE "symphony"
#define PACKAGE_BUGREPORT "symphony@list.coin-or.org"
#define PACKAGE_NAME "SYMPHONY"
#define PACKAGE_STRING "SYMPHONY 5.6.16"
#define PACKAGE_TARNAME "symphony"
#define PACKAGE_VERSION "5.6.16"
#define STDC_HEADERS 1
#define SYMPHONY_VERSION "5.6.16"
#define SYMPHONY_VERSION_MAJOR 5
#define SYMPHONY_VERSION_MINOR 6
#define SYMPHONY_VERSION_RELEASE 16
#define VERSION "5.6.16"
#endif
#ifdef __cplusplus
extern "C" void std::exit (int); using std::exit;

configure: exit 0
